2019-05-13T19:29:41.002Z => info => {}
2019-05-13T19:32:28.116Z => info => {"title":"New Product","price":2.99,"category":"31","imageUrl":"https://www.google.com/dsadasdasdasd23ds3423"}
2019-05-13T19:33:00.755Z => info => {"title":"New Product","price":2.99,"category":"3","imageUrl":"https://www.google.com/dsadasdasdasd23ds3423"}
2019-05-13T19:33:57.199Z => info => "undefined::localhost"
2019-05-13T19:34:08.525Z => info => "gulabli.rufat@gmail.com::localhost"
2019-05-13T19:34:13.404Z => info => "gulabli.rufat@gmail.com::localhost"
2019-05-13T19:34:50.098Z => info => {"title":"New Product","price":2.99,"category":"3","imageUrl":"https://www.google.com/dsadasdasdasd23ds3423"}
2019-05-13T19:35:56.257Z => info => {"title":"New Product","price":2.99,"category":"3","imageUrl":"https://www.google.com/dsadasdasdasd23ds3423"}
2019-05-13T19:36:17.477Z => info => {"title":"New Product","price":2.99,"category":"3","imageUrl":"https://www.google.com/dsadasdasdasd23ds3423"}
2019-05-13T19:38:19.013Z => info => "samir_mammadli@hotmail.com::localhost"
2019-05-13T19:38:30.979Z => info => "samir_mammadli@hotmail.com::localhost"
2019-05-13T19:38:40.465Z => info => {"title":"New Product","price":2.99,"category":"3","imageUrl":"https://www.google.com/dsadasdasdasd23ds3423"}
2019-05-13T19:39:23.740Z => info => {"title":"New Product","price":2.99,"category":"3","imageUrl":"https://www.google.com/dsadasdasdasd23ds3423"}
2019-05-13T19:41:57.042Z => info => {"title":"New Product","price":2.99,"category":"3","imageUrl":"https://www.google.com/dsadasdasdasd23ds3423"}
2019-05-13T19:43:14.185Z => info => "gulabli.rufat@gmail.com::localhost"
2019-05-13T19:43:34.011Z => info => {}
2019-05-13T19:44:20.122Z => info => {}
2019-05-13T19:45:13.177Z => info => {}
2019-05-13T19:46:20.545Z => info => "localhost"
2019-05-13T19:47:01.754Z => info => "GET: /products::localhost"
2019-05-13T19:47:17.783Z => info => "GET: /products::localhost"
